INFO [7336] - 06/28/24 05:49:37 - 0:00:00 - ========== Running DOOM ==========
INFO [7336] - 06/28/24 05:49:37 - 0:00:00 - Experiment will be saved in: ./dumped/default/vuk9rguc0r
INFO [7336] - 06/28/24 05:49:37 - 0:00:00 - scenario: deathmatch
                                            map_ids_train: [2, 3, 4, 5]
                                            map_ids_test: [6, 7, 8]
                                            freedoom: True
                                            height: 60
                                            width: 108
                                            gray: False
                                            use_screen_buffer: True
                                            use_depth_buffer: False
                                            labels_mapping: 
                                            game_features: 
                                            render_hud: False
                                            render_crosshair: True
                                            render_weapon: True
                                            hist_size: 4
                                            frame_skip: 4
                                            action_combinations: move_fb+turn_lr+move_lr+attack
                                            freelook: False
                                            speed: off
                                            crouch: off
                                            manual_control: False
                                            players_per_game: 1
                                            player_rank: 0
                                            dump_path: ./dumped/default/vuk9rguc0r
                                            visualize: False
                                            evaluate: 0
                                            human_player: False
                                            reload: 
                                            dump_freq: 0
                                            gpu_id: 0
                                            log_frequency: 100
                                            network_type: dqn_rnn
                                            use_bn: False
                                            batch_size: 32
                                            replay_memory_size: 1000000
                                            start_decay: 0
                                            stop_decay: 1000000
                                            final_decay: 0.1
                                            gamma: 0.99
                                            dueling_network: False
                                            recurrence: lstm
                                            n_rec_updates: 1
                                            n_rec_layers: 1
                                            remember: True
                                            clip_delta: 1.0
                                            variable_dim: [32, 32]
                                            bucket_size: [10, 1]
                                            hidden_dim: 512
                                            update_frequency: 4
                                            dropout: 0.5
                                            optimizer: rmsprop,lr=0.0002
                                            wad: full_deathmatch
                                            n_bots: 8
                                            reward_values: 
                                            randomize_textures: False
                                            init_bots_health: 100
                                            game_variables: [('health', 101), ('sel_ammo', 301)]
                                            n_variables: 2
                                            n_features: 0
                                            n_fm: 3
                                            use_continuous: False
                                            episode_time: None
                                            eval_freq: 20000
                                            eval_time: 900
INFO [7336] - 06/28/24 05:49:37 - 0:00:00 - 9 available buttons: ['MOVE_FORWARD', 'MOVE_BACKWARD', 'TURN_LEFT', 'TURN_RIGHT', 'MOVE_LEFT', 'MOVE_RIGHT', 'ATTACK', 'SPEED', 'CROUCH']
INFO [7336] - 06/28/24 05:49:37 - 0:00:00 - 7 available actions:
                                            ['MOVE_FORWARD']
                                            ['MOVE_BACKWARD']
                                            ['TURN_LEFT']
                                            ['TURN_RIGHT']
                                            ['MOVE_LEFT']
                                            ['MOVE_RIGHT']
                                            ['ATTACK']
INFO [7336] - 06/28/24 05:49:37 - 0:00:00 - Reward values:
INFO [7336] - 06/28/24 05:49:37 - 0:00:00 - {'BASE_REWARD': 0.0, 'DISTANCE': 0.0, 'KILL': 5.0, 'DEATH': -5.0, 'SUICIDE': -5.0, 'MEDIKIT': 1.0, 'ARMOR': 1.0, 'INJURED': -1.0, 'WEAPON': 1.0, 'AMMO': 1.0, 'USE_AMMO': -0.2}
INFO [7336] - 06/28/24 05:49:37 - 0:00:00 - Input shape: (3, 60, 108)
INFO [7336] - 06/28/24 05:49:37 - 0:00:00 - Conv layer output dim : 4608
INFO [7336] - 06/28/24 05:49:37 - 0:00:00 - Hidden layer input dim: 4672
INFO [7336] - 06/28/24 05:49:38 - 0:00:00 - Starting experiment...
INFO [7336] - 06/28/24 05:49:39 - 0:00:01 - Training on map 3 ...
INFO [7336] - 06/28/24 05:49:44 - 0:00:07 - === Iteration 400
